<?xml version="1.0" encoding="UTF-8"?>
<!-- Generated by org.testng.reporters.JUnitReportReporter -->
<testsuite skipped="0" hostname="DESKTOP-0TH5CHR" name="com.skillassure.training.tests.ChooseFlight" tests="1" failures="0" timestamp="2020-07-07T01:56:19 IST" time="10.946" errors="0">
  <testcase name="scheduleFlight" time="10.946" classname="com.skillassure.training.tests.ChooseFlight"/>
</testsuite> <!-- com.skillassure.training.tests.ChooseFlight -->
