<?xml version="1.0" encoding="UTF-8"?>
<!-- Generated by org.testng.reporters.JUnitReportReporter -->
<testsuite skipped="0" hostname="DESKTOP-0TH5CHR" name="com.skillassure.training.tests.ArrivalCalendarClick" tests="1" failures="0" timestamp="2020-07-05T11:56:42 IST" time="37.132" errors="0">
  <testcase name="ArrivalCalendarClick_" time="37.132" classname="com.skillassure.training.tests.ArrivalCalendarClick"/>
</testsuite> <!-- com.skillassure.training.tests.ArrivalCalendarClick -->
