<?xml version="1.0" encoding="UTF-8"?>
<!-- Generated by org.testng.reporters.JUnitReportReporter -->
<testsuite skipped="0" hostname="DESKTOP-0TH5CHR" name="com.skillassure.training.tests.ArrivalCalendarClick" tests="1" failures="0" timestamp="2020-07-07T01:56:19 IST" time="27.340" errors="0">
  <testcase name="ArrivalCalendarClick_" time="27.340" classname="com.skillassure.training.tests.ArrivalCalendarClick"/>
</testsuite> <!-- com.skillassure.training.tests.ArrivalCalendarClick -->
