<?xml version="1.0" encoding="UTF-8"?>
<!-- Generated by org.testng.reporters.JUnitReportReporter -->
<testsuite skipped="0" hostname="DESKTOP-0TH5CHR" name="com.test.extentreport.ExtentReport" tests="10" failures="0" timestamp="2020-07-05T13:46:23 IST" time="191.698" errors="0">
  <testcase name="test2" time="19.314" classname="com.test.extentreport.ExtentReport"/>
  <testcase name="test3" time="17.581" classname="com.test.extentreport.ExtentReport"/>
  <testcase name="test4" time="15.446" classname="com.test.extentreport.ExtentReport"/>
  <testcase name="test8" time="15.875" classname="com.test.extentreport.ExtentReport"/>
  <testcase name="test1" time="24.394" classname="com.test.extentreport.ExtentReport"/>
  <testcase name="test6" time="17.650" classname="com.test.extentreport.ExtentReport"/>
  <testcase name="test10" time="26.242" classname="com.test.extentreport.ExtentReport"/>
  <testcase name="test5" time="14.809" classname="com.test.extentreport.ExtentReport"/>
  <testcase name="test9" time="23.194" classname="com.test.extentreport.ExtentReport"/>
  <testcase name="test7" time="17.193" classname="com.test.extentreport.ExtentReport"/>
</testsuite> <!-- com.test.extentreport.ExtentReport -->
