<?xml version="1.0" encoding="UTF-8"?>
<!-- Generated by org.testng.reporters.JUnitReportReporter -->
<testsuite skipped="0" hostname="DESKTOP-0TH5CHR" name="com.skillassure.training.tests.DepatureCalendarClick" tests="1" failures="0" timestamp="2020-07-05T13:21:22 IST" time="17.283" errors="0">
  <testcase name="depatureCalendarClick" time="17.283" classname="com.skillassure.training.tests.DepatureCalendarClick"/>
</testsuite> <!-- com.skillassure.training.tests.DepatureCalendarClick -->
