<?xml version="1.0" encoding="UTF-8"?>
<!-- Generated by org.testng.reporters.JUnitReportReporter -->
<testsuite skipped="0" hostname="DESKTOP-0TH5CHR" name="com.skillassure.training.tests.Data" tests="1" failures="0" timestamp="2020-07-05T12:30:21 IST" time="5.378" errors="0">
  <testcase name="login" time="5.378" classname="com.skillassure.training.tests.Data"/>
</testsuite> <!-- com.skillassure.training.tests.Data -->
