<?xml version="1.0" encoding="UTF-8"?>
<!-- Generated by org.testng.reporters.JUnitReportReporter -->
<testsuite skipped="0" hostname="DESKTOP-0TH5CHR" name="com.skillassure.training.tests.DepartureTimeClick" tests="1" failures="0" timestamp="2020-07-05T11:36:55 IST" time="29.996" errors="0">
  <testcase name="departuretime" time="29.996" classname="com.skillassure.training.tests.DepartureTimeClick"/>
</testsuite> <!-- com.skillassure.training.tests.DepartureTimeClick -->
