<?xml version="1.0" encoding="UTF-8"?>
<!-- Generated by org.testng.reporters.JUnitReportReporter -->
<testsuite skipped="0" hostname="DESKTOP-0TH5CHR" name="com.skillassure.training.tests.ScheduleFlight" tests="2" failures="0" timestamp="2020-07-07T01:56:19 IST" time="32.458" errors="0">
  <testcase name="signin" time="20.879" classname="com.skillassure.training.tests.ScheduleFlight"/>
  <testcase name="login" time="11.579" classname="com.skillassure.training.tests.ScheduleFlight"/>
</testsuite> <!-- com.skillassure.training.tests.ScheduleFlight -->
