<?xml version="1.0" encoding="UTF-8"?>
<!-- Generated by org.testng.reporters.JUnitReportReporter -->
<testsuite skipped="0" hostname="DESKTOP-0TH5CHR" name="com.skillassure.training.tests.ScheduleFlight" tests="2" failures="0" timestamp="2020-07-05T10:41:06 IST" time="24.481" errors="0">
  <testcase name="login" time="3.041" classname="com.skillassure.training.tests.ScheduleFlight"/>
  <testcase name="signin" time="21.440" classname="com.skillassure.training.tests.ScheduleFlight"/>
</testsuite> <!-- com.skillassure.training.tests.ScheduleFlight -->
