<?xml version="1.0" encoding="UTF-8"?>
<!-- Generated by org.testng.reporters.JUnitReportReporter -->
<testsuite skipped="0" hostname="DESKTOP-0TH5CHR" name="com.skillassure.training.tests.DepartureCalendarSelect" tests="1" failures="0" timestamp="2020-07-05T11:40:10 IST" time="16.968" errors="0">
  <testcase name="depatureCalendarClick_" time="16.968" classname="com.skillassure.training.tests.DepartureCalendarSelect"/>
</testsuite> <!-- com.skillassure.training.tests.DepartureCalendarSelect -->
