<?xml version="1.0" encoding="UTF-8"?>
<!-- Generated by org.testng.reporters.JUnitReportReporter -->
<testsuite skipped="0" hostname="DESKTOP-0TH5CHR" name="com.skillassure.training.tests.CostOfClass" tests="1" failures="0" timestamp="2020-07-05T11:43:27 IST" time="20.342" errors="0">
  <testcase name="scheduleFlight" time="20.342" classname="com.skillassure.training.tests.CostOfClass"/>
</testsuite> <!-- com.skillassure.training.tests.CostOfClass -->
