<?xml version="1.0" encoding="UTF-8"?>
<!-- Generated by org.testng.reporters.JUnitReportReporter -->
<testsuite skipped="0" hostname="DESKTOP-0TH5CHR" name="com.skillassure.training.tests.AddFlightDetails" tests="1" failures="0" timestamp="2020-07-06T01:28:27 IST" time="17.947" errors="0">
  <testcase name="scheduleFlight" time="17.947" classname="com.skillassure.training.tests.AddFlightDetails"/>
</testsuite> <!-- com.skillassure.training.tests.AddFlightDetails -->
