<?xml version="1.0" encoding="UTF-8"?>
<!-- Generated by org.testng.reporters.JUnitReportReporter -->
<testsuite skipped="0" hostname="DESKTOP-0TH5CHR" name="com.skillassure.training.tests.Route" tests="2" failures="0" timestamp="2020-07-05T10:56:26 IST" time="28.717" errors="0">
  <testcase name="login" time="3.735" classname="com.skillassure.training.tests.Route"/>
  <testcase name="route_" time="24.982" classname="com.skillassure.training.tests.Route"/>
</testsuite> <!-- com.skillassure.training.tests.Route -->
