<?xml version="1.0" encoding="UTF-8"?>
<!-- Generated by org.testng.reporters.JUnitReportReporter -->
<testsuite skipped="1" hostname="DESKTOP-0TH5CHR" name="TESTNG.ReadDataFromExcelSheet" tests="1" failures="0" timestamp="2020-07-02T12:09:21 IST" time="0.000" errors="0">
  <testcase name="userDetailsForm" time="0.000" classname="TESTNG.ReadDataFromExcelSheet">
    <skipped/>
  </testcase> <!-- userDetailsForm -->
</testsuite> <!-- TESTNG.ReadDataFromExcelSheet -->
