<?xml version="1.0" encoding="UTF-8"?>
<!-- Generated by org.testng.reporters.JUnitReportReporter -->
<testsuite skipped="0" hostname="DESKTOP-0TH5CHR" name="com.skillassure.training.tests.ArrivalCalendarSelect" tests="1" failures="0" timestamp="2020-07-05T11:54:41 IST" time="48.143" errors="0">
  <testcase name="ArrivalCalendarSelect" time="48.143" classname="com.skillassure.training.tests.ArrivalCalendarSelect"/>
</testsuite> <!-- com.skillassure.training.tests.ArrivalCalendarSelect -->
